<?xml version="1.0" encoding="UTF-8" ?>
<testsuite errors="0" failures="6" hostname="rrufai-HP" name="cg.convexhull.exact.impl.QuickHullRecursiveTest" tests="7" time="0.102" timestamp="2013-01-10T10:42:20">
  <properties>
[...]
</properties>
  <testcase classname="cg.convexhull.exact.impl.QuickHullRecursiveTest" name="testComputeSubset" time="0.013">
    <failure type="junit.framework.AssertionFailedError">junit.framework.AssertionFailedError
	at cg.convexhull.exact.impl.QuickHullRecursiveTest.testComputeSubset(QuickHullRecursiveTest.java:160)
</failure>
  </testcase>
  <testcase classname="cg.convexhull.exact.impl.QuickHullRecursiveTest" name="testComputeFarthest" time="0.002">
    <failure type="junit.framework.AssertionFailedError">junit.framework.AssertionFailedError
	at cg.convexhull.exact.impl.QuickHullRecursiveTest.testComputeFarthest(QuickHullRecursiveTest.java:138)
</failure>
  </testcase>
  <testcase classname="cg.convexhull.exact.impl.QuickHullRecursiveTest" name="testComputeLR" time="0.002">
    <failure type="junit.framework.AssertionFailedError">junit.framework.AssertionFailedError
	at cg.convexhull.exact.impl.QuickHullRecursiveTest.testComputeLR(QuickHullRecursiveTest.java:175)
</failure>
  </testcase>
  <testcase classname="cg.convexhull.exact.impl.QuickHullRecursiveTest" name="testConvexHull" time="0.003">
    <failure message="expected:&lt;[{-20.7067, -7.542}, {-15.6558, -21.0232}, {-14.9373, 10.3122}, {-8.9209, 22.1216}, {5.4365, 19.6453}, {6.7786, -19.5432}, {13.54, -12.1944}, {15.1514, 15.8849}, {22.8319, 1.5574}]&gt; but was:&lt;[{-20.7067, -7.542}, {-14.9373, 10.3122}, {-8.9209, 22.1216}, {5.4365, 19.6453}, {15.1514, 15.8849}, {22.8319, 1.5574}]&gt;" type="junit.framework.AssertionFailedError">junit.framework.AssertionFailedError: expected:&lt;[{-20.7067, -7.542}, {-15.6558, -21.0232}, {-14.9373, 10.3122}, {-8.9209, 22.1216}, {5.4365, 19.6453}, {6.7786, -19.5432}, {13.54, -12.1944}, {15.1514, 15.8849}, {22.8319, 1.5574}]&gt; but was:&lt;[{-20.7067, -7.542}, {-14.9373, 10.3122}, {-8.9209, 22.1216}, {5.4365, 19.6453}, {15.1514, 15.8849}, {22.8319, 1.5574}]&gt;
	at cg.convexhull.exact.impl.QuickHullRecursiveTest.testConvexHull(QuickHullRecursiveTest.java:81)
</failure>
  </testcase>
  <testcase classname="cg.convexhull.exact.impl.QuickHullRecursiveTest" name="testMergeHulls" time="0.003">
    <failure message="expected:&lt;[{-15.6558, -21.0232}, {6.7786, -19.5432}, {13.54, -12.1944}, {-20.7067, -7.542}, {22.8319, 1.5574}, {-14.9373, 10.3122}, {15.1514, 15.8849}, {5.4365, 19.6453}, {-8.9209, 22.1216}]&gt; but was:&lt;[{-20.7067, -7.542}, {22.8319, 1.5574}, {-14.9373, 10.3122}, {15.1514, 15.8849}, {5.4365, 19.6453}, {-8.9209, 22.1216}]&gt;" type="junit.framework.AssertionFailedError">junit.framework.AssertionFailedError: expected:&lt;[{-15.6558, -21.0232}, {6.7786, -19.5432}, {13.54, -12.1944}, {-20.7067, -7.542}, {22.8319, 1.5574}, {-14.9373, 10.3122}, {15.1514, 15.8849}, {5.4365, 19.6453}, {-8.9209, 22.1216}]&gt; but was:&lt;[{-20.7067, -7.542}, {22.8319, 1.5574}, {-14.9373, 10.3122}, {15.1514, 15.8849}, {5.4365, 19.6453}, {-8.9209, 22.1216}]&gt;
	at cg.convexhull.exact.impl.QuickHullRecursiveTest.testMergeHulls(QuickHullRecursiveTest.java:100)
</failure>
  </testcase>
  <testcase classname="cg.convexhull.exact.impl.QuickHullRecursiveTest" name="testQuickHull" time="0.001" />
  <testcase classname="cg.convexhull.exact.impl.QuickHullRecursiveTest" name="testCompute" time="0.006">
    <failure message="expected:&lt;[{-20.7067, -7.542}, {-15.6558, -21.0232}, {-14.9373, 10.3122}, {-8.9209, 22.1216}, {5.4365, 19.6453}, {6.7786, -19.5432}, {13.54, -12.1944}, {15.1514, 15.8849}, {22.8319, 1.5574}]&gt; but was:&lt;[{-20.7067, -20.7067}, {-20.7067, -7.542}, {-14.9373, 10.3122}, {-8.9209, 22.1216}, {5.4365, 19.6453}, {15.1514, 15.8849}, {22.8319, 1.5574}]&gt;" type="junit.framework.AssertionFailedError">junit.framework.AssertionFailedError: expected:&lt;[{-20.7067, -7.542}, {-15.6558, -21.0232}, {-14.9373, 10.3122}, {-8.9209, 22.1216}, {5.4365, 19.6453}, {6.7786, -19.5432}, {13.54, -12.1944}, {15.1514, 15.8849}, {22.8319, 1.5574}]&gt; but was:&lt;[{-20.7067, -20.7067}, {-20.7067, -7.542}, {-14.9373, 10.3122}, {-8.9209, 22.1216}, {5.4365, 19.6453}, {15.1514, 15.8849}, {22.8319, 1.5574}]&gt;
	at cg.convexhull.exact.impl.QuickHullRecursiveTest.testCompute(QuickHullRecursiveTest.java:66)
</failure>
  </testcase>
  <system-out><![CDATA[computeSubset
subset(L, R): [{4.8988, 16.5324}, {-2.9989, 9.0573}, {15.4351, 1.558}, {-0.315, 4.1554}, {-9.5647, 5.9777}, {-10.4647, 4.2737}, {11.95, 1.3588}, {-15.0409, -2.306}, {-9.0776, 11.3783}, {-14.9373, 10.3122}, {-7.2171, 12.9024}, {1.8799, 8.0789}, {7.7709, 16.9294}, {8.9905, 4.7096}, {-12.3618, 7.5647}, {-5.9178, -1.6244}, {7.9, 3.3163}, {13.9025, 3.895}, {1.4031, 2.3256}, {-5.436, -3.3475}, {-4.8832, 15.7248}, {0.0435, -1.611}, {-7.3235, 10.5347}, {-2.5097, -2.6787}, {5.4365, 19.6453}, {12.9084, 12.3803}, {2.2533, 10.8634}, {-8.499, -2.3981}, {7.1446, 0.3471}, {1.0004, 5.6938}, {-17.7399, -5.2753}, {-2.7747, 0.2134}, {3.9441, 2.2864}, {-8.219, 7.6302}, {-0.5672, 0.2707}, {6.9128, -0.4967}, {8.3096, -1.0369}, {6.689, 11.1841}, {6.6896, -1.1112}, {15.1514, 15.8849}, {-9.1063, -0.1987}, {-8.9209, 22.1216}, {5.2818, 6.354}, {-13.4096, 1.1124}, {2.1393, 0.5877}, {6.0774, 5.853}, {12.8916, 1.2147}, {10.4089, 8.2828}, {7.686, 15.7892}, {-7.0509, -4.4648}, {-5.3547, 20.5738}, {2.1844, 3.8881}, {9.9564, 6.5288}, {3.1932, -1.4634}, {-4.5957, 6.0454}, {-6.4204, -2.898}, {-9.0912, 16.3515}, {12.9092, 3.3406}, {4.8034, 0.2067}, {8.1191, 14.3959}]
subset(R, L): [{3.8768, -4.1864}, {13.54, -12.1944}, {0.8021, -11.9194}, {-0.364, -11.1732}, {11.6677, -10.2834}, {3.3788, -9.2261}, {17.9243, -4.9549}, {0.8049, -5.0648}, {8.1432, -10.6782}, {-1.6561, -10.1621}, {-11.0246, -5.8414}, {-1.9589, -5.8166}, {6.7786, -19.5432}, {3.573, -7.4363}, {-3.3256, -10.8778}, {9.58, -11.1315}, {8.8118, -10.3978}, {1.5928, -12.4928}, {17.2356, -3.6061}, {-2.1786, -8.0357}, {2.7464, -2.7443}, {11.8229, -12.8127}, {0.5178, -12.4736}, {-1.5565, -14.804}, {-15.6558, -21.0232}, {3.1204, -12.573}, {4.1481, -3.293}, {6.2874, -7.4676}, {6.7115, -5.4515}, {9.1562, -8.8976}, {-1.34, -11.3435}, {-0.8671, -10.8589}, {8.2579, -9.559}, {4.2729, -8.4715}, {7.2323, -3.6497}, {-13.7513, -9.2455}, {0.4081, -11.0131}, {0.6237, -9.0394}]
computeFarthest
leftmost: {-20.7067, -7.542}, rightmost: {22.8319, 1.5574}
farthest: {-8.9209, 22.1216}
computeLR
convexHull
mergeHulls
quickHull
quickHull: [{-20.7067, -7.542}, {-14.9373, 10.3122}, {-8.9209, 22.1216}, {5.4365, 19.6453}, {15.1514, 15.8849}, {22.8319, 1.5574}]
compute
]]></system-out>
  <system-err><![CDATA[]]></system-err>
</testsuite>
